  main.cpp
D:\OpenGL_tutorial\tut_Basic_Objects\main.cpp(26,24): warning C4305: аргумент: усечение из "double" в "GLfloat"
D:\OpenGL_tutorial\tut_Basic_Objects\main.cpp(27,24): warning C4305: аргумент: усечение из "double" в "GLfloat"
D:\OpenGL_tutorial\tut_Basic_Objects\main.cpp(28,22): warning C4305: аргумент: усечение из "double" в "GLfloat"
D:\OpenGL_tutorial\tut_Basic_Objects\main.cpp(29,25): warning C4305: аргумент: усечение из "double" в "GLfloat"
D:\OpenGL_tutorial\tut_Basic_Objects\main.cpp(32,24): warning C4305: аргумент: усечение из "double" в "GLfloat"
D:\OpenGL_tutorial\tut_Basic_Objects\main.cpp(33,24): warning C4305: аргумент: усечение из "double" в "GLfloat"
D:\OpenGL_tutorial\tut_Basic_Objects\main.cpp(34,25): warning C4305: аргумент: усечение из "double" в "GLfloat"
D:\OpenGL_tutorial\tut_Basic_Objects\main.cpp(35,24): warning C4305: аргумент: усечение из "double" в "GLfloat"
D:\OpenGL_tutorial\tut_Basic_Objects\main.cpp(36,24): warning C4305: аргумент: усечение из "double" в "GLfloat"
D:\OpenGL_tutorial\tut_Basic_Objects\main.cpp(37,21): warning C4305: аргумент: усечение из "double" в "GLfloat"
D:\OpenGL_tutorial\tut_Basic_Objects\main.cpp(40,24): warning C4305: аргумент: усечение из "double" в "GLfloat"
D:\OpenGL_tutorial\tut_Basic_Objects\main.cpp(41,22): warning C4305: аргумент: усечение из "double" в "GLfloat"
D:\OpenGL_tutorial\tut_Basic_Objects\main.cpp(42,24): warning C4305: аргумент: усечение из "double" в "GLfloat"
D:\OpenGL_tutorial\tut_Basic_Objects\main.cpp(43,22): warning C4305: аргумент: усечение из "double" в "GLfloat"
D:\OpenGL_tutorial\tut_Basic_Objects\main.cpp(44,25): warning C4305: аргумент: усечение из "double" в "GLfloat"
D:\OpenGL_tutorial\tut_Basic_Objects\main.cpp(45,23): warning C4305: аргумент: усечение из "double" в "GLfloat"
D:\OpenGL_tutorial\tut_Basic_Objects\main.cpp(48,24): warning C4305: аргумент: усечение из "double" в "GLfloat"
D:\OpenGL_tutorial\tut_Basic_Objects\main.cpp(49,23): warning C4305: аргумент: усечение из "double" в "GLfloat"
D:\OpenGL_tutorial\tut_Basic_Objects\main.cpp(50,24): warning C4305: аргумент: усечение из "double" в "GLfloat"
D:\OpenGL_tutorial\tut_Basic_Objects\main.cpp(51,24): warning C4305: аргумент: усечение из "double" в "GLfloat"
D:\OpenGL_tutorial\tut_Basic_Objects\main.cpp(52,23): warning C4305: аргумент: усечение из "double" в "GLfloat"
D:\OpenGL_tutorial\tut_Basic_Objects\main.cpp(55,24): warning C4305: аргумент: усечение из "double" в "GLfloat"
D:\OpenGL_tutorial\tut_Basic_Objects\main.cpp(56,22): warning C4305: аргумент: усечение из "double" в "GLfloat"
D:\OpenGL_tutorial\tut_Basic_Objects\main.cpp(57,24): warning C4305: аргумент: усечение из "double" в "GLfloat"
D:\OpenGL_tutorial\tut_Basic_Objects\main.cpp(58,23): warning C4305: аргумент: усечение из "double" в "GLfloat"
D:\OpenGL_tutorial\tut_Basic_Objects\main.cpp(59,22): warning C4305: аргумент: усечение из "double" в "GLfloat"
D:\OpenGL_tutorial\tut_Basic_Objects\main.cpp(62,25): warning C4305: аргумент: усечение из "double" в "GLfloat"
D:\OpenGL_tutorial\tut_Basic_Objects\main.cpp(63,25): warning C4305: аргумент: усечение из "double" в "GLfloat"
D:\OpenGL_tutorial\tut_Basic_Objects\main.cpp(64,25): warning C4305: аргумент: усечение из "double" в "GLfloat"
D:\OpenGL_tutorial\tut_Basic_Objects\main.cpp(65,25): warning C4305: аргумент: усечение из "double" в "GLfloat"
D:\OpenGL_tutorial\tut_Basic_Objects\main.cpp(68,25): warning C4305: аргумент: усечение из "double" в "GLfloat"
D:\OpenGL_tutorial\tut_Basic_Objects\main.cpp(69,24): warning C4305: аргумент: усечение из "double" в "GLfloat"
D:\OpenGL_tutorial\tut_Basic_Objects\main.cpp(70,24): warning C4305: аргумент: усечение из "double" в "GLfloat"
D:\OpenGL_tutorial\tut_Basic_Objects\main.cpp(71,24): warning C4305: аргумент: усечение из "double" в "GLfloat"
D:\OpenGL_tutorial\tut_Basic_Objects\main.cpp(74,25): warning C4305: аргумент: усечение из "double" в "GLfloat"
D:\OpenGL_tutorial\tut_Basic_Objects\main.cpp(75,25): warning C4305: аргумент: усечение из "double" в "GLfloat"
D:\OpenGL_tutorial\tut_Basic_Objects\main.cpp(76,25): warning C4305: аргумент: усечение из "double" в "GLfloat"
D:\OpenGL_tutorial\tut_Basic_Objects\main.cpp(77,24): warning C4305: аргумент: усечение из "double" в "GLfloat"
D:\OpenGL_tutorial\tut_Basic_Objects\main.cpp(80,25): warning C4305: аргумент: усечение из "double" в "GLfloat"
D:\OpenGL_tutorial\tut_Basic_Objects\main.cpp(81,26): warning C4305: аргумент: усечение из "double" в "GLfloat"
D:\OpenGL_tutorial\tut_Basic_Objects\main.cpp(82,26): warning C4305: аргумент: усечение из "double" в "GLfloat"
D:\OpenGL_tutorial\tut_Basic_Objects\main.cpp(83,25): warning C4305: аргумент: усечение из "double" в "GLfloat"
D:\OpenGL_tutorial\tut_Basic_Objects\main.cpp(86,25): warning C4305: аргумент: усечение из "double" в "GLfloat"
D:\OpenGL_tutorial\tut_Basic_Objects\main.cpp(87,23): warning C4305: аргумент: усечение из "double" в "GLfloat"
D:\OpenGL_tutorial\tut_Basic_Objects\main.cpp(88,25): warning C4305: аргумент: усечение из "double" в "GLfloat"
D:\OpenGL_tutorial\tut_Basic_Objects\main.cpp(89,24): warning C4305: аргумент: усечение из "double" в "GLfloat"
D:\OpenGL_tutorial\tut_Basic_Objects\main.cpp(96,25): warning C4305: аргумент: усечение из "double" в "GLfloat"
D:\OpenGL_tutorial\tut_Basic_Objects\main.cpp(102,25): warning C4305: аргумент: усечение из "double" в "GLfloat"
D:\OpenGL_tutorial\tut_Basic_Objects\main.cpp(103,24): warning C4305: аргумент: усечение из "double" в "GLfloat"
main.obj : error LNK2019: ссылка на неразрешенный внешний символ __imp_glutInitWindowPosition в функции main.
main.obj : error LNK2019: ссылка на неразрешенный внешний символ __imp_glutInitWindowSize в функции main.
main.obj : error LNK2019: ссылка на неразрешенный внешний символ __imp_glutInitDisplayMode в функции main.
main.obj : error LNK2019: ссылка на неразрешенный внешний символ __imp_glutMainLoop в функции main.
main.obj : error LNK2019: ссылка на неразрешенный внешний символ __imp_glutSwapBuffers в функции "void __cdecl renderScene(void)" (?renderScene@@YAXXZ).
main.obj : error LNK2019: ссылка на неразрешенный внешний символ __imp_glutDisplayFunc в функции main.
main.obj : error LNK2019: ссылка на неразрешенный внешний символ __imp___glutInitWithExit в функции glutInit_ATEXIT_HACK.
main.obj : error LNK2019: ссылка на неразрешенный внешний символ __imp___glutCreateWindowWithExit в функции glutCreateWindow_ATEXIT_HACK.
D:\OpenGL_tutorial\tut_Basic_Objects\lib\freeglut.lib : warning LNK4272: тип компьютера библиотеки "x86" конфликтует с типом целевого компьютера "x64"
D:\OpenGL_tutorial\x64\Debug\tut_Basic_Objects.exe : fatal error LNK1120: неразрешенных внешних элементов: 8
