  drawLibHatunov.cpp
C:\Users\Win10Pro\Desktop\щя всё будет\OGL_\tut_Basic_Objects\drawLibHatunov.cpp(15,25): warning C4305: аргумент: усечение из "double" в "GLfloat"
C:\Users\Win10Pro\Desktop\щя всё будет\OGL_\tut_Basic_Objects\drawLibHatunov.cpp(19,25): warning C4305: аргумент: усечение из "double" в "GLfloat"
C:\Users\Win10Pro\Desktop\щя всё будет\OGL_\tut_Basic_Objects\drawLibHatunov.cpp(25,25): warning C4305: аргумент: усечение из "double" в "GLfloat"
C:\Users\Win10Pro\Desktop\щя всё будет\OGL_\tut_Basic_Objects\drawLibHatunov.cpp(28,44): warning C4305: +=: усечение из "double" в "float"
C:\Users\Win10Pro\Desktop\щя всё будет\OGL_\tut_Basic_Objects\drawLibHatunov.cpp(30,51): warning C4244: аргумент: преобразование "double" в "GLfloat", возможна потеря данных
C:\Users\Win10Pro\Desktop\щя всё будет\OGL_\tut_Basic_Objects\drawLibHatunov.cpp(56,25): warning C4305: аргумент: усечение из "double" в "GLfloat"
C:\Users\Win10Pro\Desktop\щя всё будет\OGL_\tut_Basic_Objects\drawLibHatunov.cpp(58,23): warning C4305: аргумент: усечение из "double" в "GLfloat"
C:\Users\Win10Pro\Desktop\щя всё будет\OGL_\tut_Basic_Objects\drawLibHatunov.cpp(59,25): warning C4305: аргумент: усечение из "double" в "GLfloat"
C:\Users\Win10Pro\Desktop\щя всё будет\OGL_\tut_Basic_Objects\drawLibHatunov.cpp(61,25): warning C4305: аргумент: усечение из "double" в "GLfloat"
C:\Users\Win10Pro\Desktop\щя всё будет\OGL_\tut_Basic_Objects\drawLibHatunov.cpp(62,25): warning C4305: аргумент: усечение из "double" в "GLfloat"
C:\Users\Win10Pro\Desktop\щя всё будет\OGL_\tut_Basic_Objects\drawLibHatunov.cpp(63,23): warning C4305: аргумент: усечение из "double" в "GLfloat"
C:\Users\Win10Pro\Desktop\щя всё будет\OGL_\tut_Basic_Objects\drawLibHatunov.cpp(64,25): warning C4305: аргумент: усечение из "double" в "GLfloat"
C:\Users\Win10Pro\Desktop\щя всё будет\OGL_\tut_Basic_Objects\drawLibHatunov.cpp(66,25): warning C4305: аргумент: усечение из "double" в "GLfloat"
C:\Users\Win10Pro\Desktop\щя всё будет\OGL_\tut_Basic_Objects\drawLibHatunov.cpp(67,24): warning C4305: аргумент: усечение из "double" в "GLfloat"
C:\Users\Win10Pro\Desktop\щя всё будет\OGL_\tut_Basic_Objects\drawLibHatunov.cpp(68,23): warning C4305: аргумент: усечение из "double" в "GLfloat"
C:\Users\Win10Pro\Desktop\щя всё будет\OGL_\tut_Basic_Objects\drawLibHatunov.cpp(69,24): warning C4305: аргумент: усечение из "double" в "GLfloat"
C:\Users\Win10Pro\Desktop\щя всё будет\OGL_\tut_Basic_Objects\drawLibHatunov.cpp(76,23): warning C4305: аргумент: усечение из "double" в "GLfloat"
C:\Users\Win10Pro\Desktop\щя всё будет\OGL_\tut_Basic_Objects\drawLibHatunov.cpp(77,24): warning C4305: аргумент: усечение из "double" в "GLfloat"
C:\Users\Win10Pro\Desktop\щя всё будет\OGL_\tut_Basic_Objects\drawLibHatunov.cpp(78,23): warning C4305: аргумент: усечение из "double" в "GLfloat"
C:\Users\Win10Pro\Desktop\щя всё будет\OGL_\tut_Basic_Objects\drawLibHatunov.cpp(80,25): warning C4305: аргумент: усечение из "double" в "GLfloat"
C:\Users\Win10Pro\Desktop\щя всё будет\OGL_\tut_Basic_Objects\drawLibHatunov.cpp(81,24): warning C4305: аргумент: усечение из "double" в "GLfloat"
C:\Users\Win10Pro\Desktop\щя всё будет\OGL_\tut_Basic_Objects\drawLibHatunov.cpp(82,24): warning C4305: аргумент: усечение из "double" в "GLfloat"
C:\Users\Win10Pro\Desktop\щя всё будет\OGL_\tut_Basic_Objects\drawLibHatunov.cpp(83,24): warning C4305: аргумент: усечение из "double" в "GLfloat"
C:\Users\Win10Pro\Desktop\щя всё будет\OGL_\tut_Basic_Objects\drawLibHatunov.cpp(84,24): warning C4305: аргумент: усечение из "double" в "GLfloat"
C:\Users\Win10Pro\Desktop\щя всё будет\OGL_\tut_Basic_Objects\drawLibHatunov.cpp(86,25): warning C4305: аргумент: усечение из "double" в "GLfloat"
C:\Users\Win10Pro\Desktop\щя всё будет\OGL_\tut_Basic_Objects\drawLibHatunov.cpp(87,24): warning C4305: аргумент: усечение из "double" в "GLfloat"
C:\Users\Win10Pro\Desktop\щя всё будет\OGL_\tut_Basic_Objects\drawLibHatunov.cpp(88,24): warning C4305: аргумент: усечение из "double" в "GLfloat"
C:\Users\Win10Pro\Desktop\щя всё будет\OGL_\tut_Basic_Objects\drawLibHatunov.cpp(89,24): warning C4305: аргумент: усечение из "double" в "GLfloat"
C:\Users\Win10Pro\Desktop\щя всё будет\OGL_\tut_Basic_Objects\drawLibHatunov.cpp(90,24): warning C4305: аргумент: усечение из "double" в "GLfloat"
C:\Users\Win10Pro\Desktop\щя всё будет\OGL_\tut_Basic_Objects\drawLibHatunov.cpp(92,25): warning C4305: аргумент: усечение из "double" в "GLfloat"
C:\Users\Win10Pro\Desktop\щя всё будет\OGL_\tut_Basic_Objects\drawLibHatunov.cpp(93,24): warning C4305: аргумент: усечение из "double" в "GLfloat"
C:\Users\Win10Pro\Desktop\щя всё будет\OGL_\tut_Basic_Objects\drawLibHatunov.cpp(94,24): warning C4305: аргумент: усечение из "double" в "GLfloat"
C:\Users\Win10Pro\Desktop\щя всё будет\OGL_\tut_Basic_Objects\drawLibHatunov.cpp(95,24): warning C4305: аргумент: усечение из "double" в "GLfloat"
C:\Users\Win10Pro\Desktop\щя всё будет\OGL_\tut_Basic_Objects\drawLibHatunov.cpp(96,24): warning C4305: аргумент: усечение из "double" в "GLfloat"
C:\Users\Win10Pro\Desktop\щя всё будет\OGL_\tut_Basic_Objects\drawLibHatunov.cpp(98,25): warning C4305: аргумент: усечение из "double" в "GLfloat"
C:\Users\Win10Pro\Desktop\щя всё будет\OGL_\tut_Basic_Objects\drawLibHatunov.cpp(99,24): warning C4305: аргумент: усечение из "double" в "GLfloat"
C:\Users\Win10Pro\Desktop\щя всё будет\OGL_\tut_Basic_Objects\drawLibHatunov.cpp(100,24): warning C4305: аргумент: усечение из "double" в "GLfloat"
C:\Users\Win10Pro\Desktop\щя всё будет\OGL_\tut_Basic_Objects\drawLibHatunov.cpp(101,24): warning C4305: аргумент: усечение из "double" в "GLfloat"
C:\Users\Win10Pro\Desktop\щя всё будет\OGL_\tut_Basic_Objects\drawLibHatunov.cpp(102,24): warning C4305: аргумент: усечение из "double" в "GLfloat"
C:\Users\Win10Pro\Desktop\щя всё будет\OGL_\tut_Basic_Objects\drawLibHatunov.cpp(112,25): warning C4305: аргумент: усечение из "double" в "GLfloat"
C:\Users\Win10Pro\Desktop\щя всё будет\OGL_\tut_Basic_Objects\drawLibHatunov.cpp(113,24): warning C4305: аргумент: усечение из "double" в "GLfloat"
C:\Users\Win10Pro\Desktop\щя всё будет\OGL_\tut_Basic_Objects\drawLibHatunov.cpp(114,25): warning C4305: аргумент: усечение из "double" в "GLfloat"
C:\Users\Win10Pro\Desktop\щя всё будет\OGL_\tut_Basic_Objects\drawLibHatunov.cpp(121,26): warning C4305: аргумент: усечение из "double" в "GLfloat"
C:\Users\Win10Pro\Desktop\щя всё будет\OGL_\tut_Basic_Objects\drawLibHatunov.cpp(122,24): warning C4305: аргумент: усечение из "double" в "GLfloat"
C:\Users\Win10Pro\Desktop\щя всё будет\OGL_\tut_Basic_Objects\drawLibHatunov.cpp(123,25): warning C4305: аргумент: усечение из "double" в "GLfloat"
C:\Users\Win10Pro\Desktop\щя всё будет\OGL_\tut_Basic_Objects\drawLibHatunov.cpp(124,25): warning C4305: аргумент: усечение из "double" в "GLfloat"
C:\Users\Win10Pro\Desktop\щя всё будет\OGL_\tut_Basic_Objects\drawLibHatunov.cpp(125,24): warning C4305: аргумент: усечение из "double" в "GLfloat"
C:\Users\Win10Pro\Desktop\щя всё будет\OGL_\tut_Basic_Objects\drawLibHatunov.cpp(130,25): warning C4305: аргумент: усечение из "double" в "GLfloat"
C:\Users\Win10Pro\Desktop\щя всё будет\OGL_\tut_Basic_Objects\drawLibHatunov.cpp(131,24): warning C4305: аргумент: усечение из "double" в "GLfloat"
C:\Users\Win10Pro\Desktop\щя всё будет\OGL_\tut_Basic_Objects\drawLibHatunov.cpp(132,25): warning C4305: аргумент: усечение из "double" в "GLfloat"
C:\Users\Win10Pro\Desktop\щя всё будет\OGL_\tut_Basic_Objects\drawLibHatunov.cpp(134,25): warning C4305: аргумент: усечение из "double" в "GLfloat"
C:\Users\Win10Pro\Desktop\щя всё будет\OGL_\tut_Basic_Objects\drawLibHatunov.cpp(144,29): warning C4244: аргумент: преобразование "double" в "GLfloat", возможна потеря данных
C:\Users\Win10Pro\Desktop\щя всё будет\OGL_\tut_Basic_Objects\drawLibHatunov.cpp(144,20): warning C4244: аргумент: преобразование "double" в "GLfloat", возможна потеря данных
C:\Users\Win10Pro\Desktop\щя всё будет\OGL_\tut_Basic_Objects\drawLibHatunov.cpp(148,24): warning C4305: аргумент: усечение из "double" в "GLfloat"
C:\Users\Win10Pro\Desktop\щя всё будет\OGL_\tut_Basic_Objects\drawLibHatunov.cpp(149,22): warning C4305: аргумент: усечение из "double" в "GLfloat"
C:\Users\Win10Pro\Desktop\щя всё будет\OGL_\tut_Basic_Objects\drawLibHatunov.cpp(150,25): warning C4305: аргумент: усечение из "double" в "GLfloat"
C:\Users\Win10Pro\Desktop\щя всё будет\OGL_\tut_Basic_Objects\drawLibHatunov.cpp(152,24): warning C4305: аргумент: усечение из "double" в "GLfloat"
C:\Users\Win10Pro\Desktop\щя всё будет\OGL_\tut_Basic_Objects\drawLibHatunov.cpp(153,24): warning C4305: аргумент: усечение из "double" в "GLfloat"
C:\Users\Win10Pro\Desktop\щя всё будет\OGL_\tut_Basic_Objects\drawLibHatunov.cpp(154,25): warning C4305: аргумент: усечение из "double" в "GLfloat"
C:\Users\Win10Pro\Desktop\щя всё будет\OGL_\tut_Basic_Objects\drawLibHatunov.cpp(155,24): warning C4305: аргумент: усечение из "double" в "GLfloat"
C:\Users\Win10Pro\Desktop\щя всё будет\OGL_\tut_Basic_Objects\drawLibHatunov.cpp(156,24): warning C4305: аргумент: усечение из "double" в "GLfloat"
C:\Users\Win10Pro\Desktop\щя всё будет\OGL_\tut_Basic_Objects\drawLibHatunov.cpp(157,21): warning C4305: аргумент: усечение из "double" в "GLfloat"
C:\Users\Win10Pro\Desktop\щя всё будет\OGL_\tut_Basic_Objects\drawLibHatunov.cpp(159,24): warning C4305: аргумент: усечение из "double" в "GLfloat"
C:\Users\Win10Pro\Desktop\щя всё будет\OGL_\tut_Basic_Objects\drawLibHatunov.cpp(160,22): warning C4305: аргумент: усечение из "double" в "GLfloat"
C:\Users\Win10Pro\Desktop\щя всё будет\OGL_\tut_Basic_Objects\drawLibHatunov.cpp(161,24): warning C4305: аргумент: усечение из "double" в "GLfloat"
C:\Users\Win10Pro\Desktop\щя всё будет\OGL_\tut_Basic_Objects\drawLibHatunov.cpp(162,22): warning C4305: аргумент: усечение из "double" в "GLfloat"
C:\Users\Win10Pro\Desktop\щя всё будет\OGL_\tut_Basic_Objects\drawLibHatunov.cpp(163,25): warning C4305: аргумент: усечение из "double" в "GLfloat"
C:\Users\Win10Pro\Desktop\щя всё будет\OGL_\tut_Basic_Objects\drawLibHatunov.cpp(164,23): warning C4305: аргумент: усечение из "double" в "GLfloat"
C:\Users\Win10Pro\Desktop\щя всё будет\OGL_\tut_Basic_Objects\drawLibHatunov.cpp(166,24): warning C4305: аргумент: усечение из "double" в "GLfloat"
C:\Users\Win10Pro\Desktop\щя всё будет\OGL_\tut_Basic_Objects\drawLibHatunov.cpp(167,23): warning C4305: аргумент: усечение из "double" в "GLfloat"
C:\Users\Win10Pro\Desktop\щя всё будет\OGL_\tut_Basic_Objects\drawLibHatunov.cpp(168,24): warning C4305: аргумент: усечение из "double" в "GLfloat"
C:\Users\Win10Pro\Desktop\щя всё будет\OGL_\tut_Basic_Objects\drawLibHatunov.cpp(169,24): warning C4305: аргумент: усечение из "double" в "GLfloat"
C:\Users\Win10Pro\Desktop\щя всё будет\OGL_\tut_Basic_Objects\drawLibHatunov.cpp(170,23): warning C4305: аргумент: усечение из "double" в "GLfloat"
C:\Users\Win10Pro\Desktop\щя всё будет\OGL_\tut_Basic_Objects\drawLibHatunov.cpp(172,24): warning C4305: аргумент: усечение из "double" в "GLfloat"
C:\Users\Win10Pro\Desktop\щя всё будет\OGL_\tut_Basic_Objects\drawLibHatunov.cpp(173,22): warning C4305: аргумент: усечение из "double" в "GLfloat"
C:\Users\Win10Pro\Desktop\щя всё будет\OGL_\tut_Basic_Objects\drawLibHatunov.cpp(174,24): warning C4305: аргумент: усечение из "double" в "GLfloat"
C:\Users\Win10Pro\Desktop\щя всё будет\OGL_\tut_Basic_Objects\drawLibHatunov.cpp(175,23): warning C4305: аргумент: усечение из "double" в "GLfloat"
C:\Users\Win10Pro\Desktop\щя всё будет\OGL_\tut_Basic_Objects\drawLibHatunov.cpp(176,22): warning C4305: аргумент: усечение из "double" в "GLfloat"
C:\Users\Win10Pro\Desktop\щя всё будет\OGL_\tut_Basic_Objects\drawLibHatunov.cpp(178,25): warning C4305: аргумент: усечение из "double" в "GLfloat"
C:\Users\Win10Pro\Desktop\щя всё будет\OGL_\tut_Basic_Objects\drawLibHatunov.cpp(179,25): warning C4305: аргумент: усечение из "double" в "GLfloat"
C:\Users\Win10Pro\Desktop\щя всё будет\OGL_\tut_Basic_Objects\drawLibHatunov.cpp(180,25): warning C4305: аргумент: усечение из "double" в "GLfloat"
C:\Users\Win10Pro\Desktop\щя всё будет\OGL_\tut_Basic_Objects\drawLibHatunov.cpp(181,25): warning C4305: аргумент: усечение из "double" в "GLfloat"
C:\Users\Win10Pro\Desktop\щя всё будет\OGL_\tut_Basic_Objects\drawLibHatunov.cpp(183,25): warning C4305: аргумент: усечение из "double" в "GLfloat"
C:\Users\Win10Pro\Desktop\щя всё будет\OGL_\tut_Basic_Objects\drawLibHatunov.cpp(184,24): warning C4305: аргумент: усечение из "double" в "GLfloat"
C:\Users\Win10Pro\Desktop\щя всё будет\OGL_\tut_Basic_Objects\drawLibHatunov.cpp(185,24): warning C4305: аргумент: усечение из "double" в "GLfloat"
C:\Users\Win10Pro\Desktop\щя всё будет\OGL_\tut_Basic_Objects\drawLibHatunov.cpp(186,24): warning C4305: аргумент: усечение из "double" в "GLfloat"
C:\Users\Win10Pro\Desktop\щя всё будет\OGL_\tut_Basic_Objects\drawLibHatunov.cpp(188,25): warning C4305: аргумент: усечение из "double" в "GLfloat"
C:\Users\Win10Pro\Desktop\щя всё будет\OGL_\tut_Basic_Objects\drawLibHatunov.cpp(189,25): warning C4305: аргумент: усечение из "double" в "GLfloat"
C:\Users\Win10Pro\Desktop\щя всё будет\OGL_\tut_Basic_Objects\drawLibHatunov.cpp(190,25): warning C4305: аргумент: усечение из "double" в "GLfloat"
C:\Users\Win10Pro\Desktop\щя всё будет\OGL_\tut_Basic_Objects\drawLibHatunov.cpp(191,24): warning C4305: аргумент: усечение из "double" в "GLfloat"
C:\Users\Win10Pro\Desktop\щя всё будет\OGL_\tut_Basic_Objects\drawLibHatunov.cpp(193,25): warning C4305: аргумент: усечение из "double" в "GLfloat"
C:\Users\Win10Pro\Desktop\щя всё будет\OGL_\tut_Basic_Objects\drawLibHatunov.cpp(194,26): warning C4305: аргумент: усечение из "double" в "GLfloat"
C:\Users\Win10Pro\Desktop\щя всё будет\OGL_\tut_Basic_Objects\drawLibHatunov.cpp(195,26): warning C4305: аргумент: усечение из "double" в "GLfloat"
C:\Users\Win10Pro\Desktop\щя всё будет\OGL_\tut_Basic_Objects\drawLibHatunov.cpp(196,25): warning C4305: аргумент: усечение из "double" в "GLfloat"
C:\Users\Win10Pro\Desktop\щя всё будет\OGL_\tut_Basic_Objects\drawLibHatunov.cpp(198,25): warning C4305: аргумент: усечение из "double" в "GLfloat"
C:\Users\Win10Pro\Desktop\щя всё будет\OGL_\tut_Basic_Objects\drawLibHatunov.cpp(199,23): warning C4305: аргумент: усечение из "double" в "GLfloat"
C:\Users\Win10Pro\Desktop\щя всё будет\OGL_\tut_Basic_Objects\drawLibHatunov.cpp(200,25): warning C4305: аргумент: усечение из "double" в "GLfloat"
C:\Users\Win10Pro\Desktop\щя всё будет\OGL_\tut_Basic_Objects\drawLibHatunov.cpp(201,24): warning C4305: аргумент: усечение из "double" в "GLfloat"
C:\Users\Win10Pro\Desktop\щя всё будет\OGL_\tut_Basic_Objects\drawLibHatunov.cpp(211,28): warning C4305: аргумент: усечение из "double" в "GLfloat"
C:\Users\Win10Pro\Desktop\щя всё будет\OGL_\tut_Basic_Objects\drawLibHatunov.cpp(212,24): warning C4305: аргумент: усечение из "double" в "GLfloat"
C:\Users\Win10Pro\Desktop\щя всё будет\OGL_\tut_Basic_Objects\drawLibHatunov.cpp(213,25): warning C4305: аргумент: усечение из "double" в "GLfloat"
C:\Users\Win10Pro\Desktop\щя всё будет\OGL_\tut_Basic_Objects\drawLibHatunov.cpp(214,25): warning C4305: аргумент: усечение из "double" в "GLfloat"
C:\Users\Win10Pro\Desktop\щя всё будет\OGL_\tut_Basic_Objects\drawLibHatunov.cpp(215,25): warning C4305: аргумент: усечение из "double" в "GLfloat"
C:\Users\Win10Pro\Desktop\щя всё будет\OGL_\tut_Basic_Objects\drawLibHatunov.cpp(217,28): warning C4305: аргумент: усечение из "double" в "GLfloat"
C:\Users\Win10Pro\Desktop\щя всё будет\OGL_\tut_Basic_Objects\drawLibHatunov.cpp(218,23): warning C4305: аргумент: усечение из "double" в "GLfloat"
C:\Users\Win10Pro\Desktop\щя всё будет\OGL_\tut_Basic_Objects\drawLibHatunov.cpp(219,25): warning C4305: аргумент: усечение из "double" в "GLfloat"
C:\Users\Win10Pro\Desktop\щя всё будет\OGL_\tut_Basic_Objects\drawLibHatunov.cpp(220,24): warning C4305: аргумент: усечение из "double" в "GLfloat"
C:\Users\Win10Pro\Desktop\щя всё будет\OGL_\tut_Basic_Objects\drawLibHatunov.cpp(221,25): warning C4305: аргумент: усечение из "double" в "GLfloat"
C:\Users\Win10Pro\Desktop\щя всё будет\OGL_\tut_Basic_Objects\drawLibHatunov.cpp(224,22): warning C4305: аргумент: усечение из "double" в "GLfloat"
C:\Users\Win10Pro\Desktop\щя всё будет\OGL_\tut_Basic_Objects\drawLibHatunov.cpp(225,23): warning C4305: аргумент: усечение из "double" в "GLfloat"
C:\Users\Win10Pro\Desktop\щя всё будет\OGL_\tut_Basic_Objects\drawLibHatunov.cpp(226,24): warning C4305: аргумент: усечение из "double" в "GLfloat"
C:\Users\Win10Pro\Desktop\щя всё будет\OGL_\tut_Basic_Objects\drawLibHatunov.cpp(227,23): warning C4305: аргумент: усечение из "double" в "GLfloat"
C:\Users\Win10Pro\Desktop\щя всё будет\OGL_\tut_Basic_Objects\drawLibHatunov.cpp(229,27): warning C4305: аргумент: усечение из "double" в "GLfloat"
C:\Users\Win10Pro\Desktop\щя всё будет\OGL_\tut_Basic_Objects\drawLibHatunov.cpp(230,23): warning C4305: аргумент: усечение из "double" в "GLfloat"
C:\Users\Win10Pro\Desktop\щя всё будет\OGL_\tut_Basic_Objects\drawLibHatunov.cpp(231,23): warning C4305: аргумент: усечение из "double" в "GLfloat"
C:\Users\Win10Pro\Desktop\щя всё будет\OGL_\tut_Basic_Objects\drawLibHatunov.cpp(232,24): warning C4305: аргумент: усечение из "double" в "GLfloat"
C:\Users\Win10Pro\Desktop\щя всё будет\OGL_\tut_Basic_Objects\drawLibHatunov.cpp(233,24): warning C4305: аргумент: усечение из "double" в "GLfloat"
C:\Users\Win10Pro\Desktop\щя всё будет\OGL_\tut_Basic_Objects\drawLibHatunov.cpp(235,25): warning C4305: аргумент: усечение из "double" в "GLfloat"
C:\Users\Win10Pro\Desktop\щя всё будет\OGL_\tut_Basic_Objects\drawLibHatunov.cpp(236,24): warning C4305: аргумент: усечение из "double" в "GLfloat"
C:\Users\Win10Pro\Desktop\щя всё будет\OGL_\tut_Basic_Objects\drawLibHatunov.cpp(237,24): warning C4305: аргумент: усечение из "double" в "GLfloat"
C:\Users\Win10Pro\Desktop\щя всё будет\OGL_\tut_Basic_Objects\drawLibHatunov.cpp(238,24): warning C4305: аргумент: усечение из "double" в "GLfloat"
C:\Users\Win10Pro\Desktop\щя всё будет\OGL_\tut_Basic_Objects\drawLibHatunov.cpp(239,24): warning C4305: аргумент: усечение из "double" в "GLfloat"
C:\Users\Win10Pro\Desktop\щя всё будет\OGL_\tut_Basic_Objects\drawLibHatunov.cpp(249,23): warning C4305: аргумент: усечение из "double" в "GLfloat"
C:\Users\Win10Pro\Desktop\щя всё будет\OGL_\tut_Basic_Objects\drawLibHatunov.cpp(250,29): warning C4244: аргумент: преобразование "double" в "GLfloat", возможна потеря данных
C:\Users\Win10Pro\Desktop\щя всё будет\OGL_\tut_Basic_Objects\drawLibHatunov.cpp(250,20): warning C4244: аргумент: преобразование "double" в "GLfloat", возможна потеря данных
C:\Users\Win10Pro\Desktop\щя всё будет\OGL_\tut_Basic_Objects\drawLibHatunov.cpp(254,25): warning C4305: аргумент: усечение из "double" в "GLfloat"
C:\Users\Win10Pro\Desktop\щя всё будет\OGL_\tut_Basic_Objects\drawLibHatunov.cpp(258,25): warning C4305: аргумент: усечение из "double" в "GLfloat"
C:\Users\Win10Pro\Desktop\щя всё будет\OGL_\tut_Basic_Objects\drawLibHatunov.cpp(263,27): warning C4305: аргумент: усечение из "double" в "GLfloat"
C:\Users\Win10Pro\Desktop\щя всё будет\OGL_\tut_Basic_Objects\drawLibHatunov.cpp(264,29): warning C4305: аргумент: усечение из "double" в "GLfloat"
C:\Users\Win10Pro\Desktop\щя всё будет\OGL_\tut_Basic_Objects\drawLibHatunov.cpp(267,25): warning C4305: аргумент: усечение из "double" в "GLfloat"
C:\Users\Win10Pro\Desktop\щя всё будет\OGL_\tut_Basic_Objects\drawLibHatunov.cpp(274,25): warning C4305: аргумент: усечение из "double" в "GLfloat"
C:\Users\Win10Pro\Desktop\щя всё будет\OGL_\tut_Basic_Objects\drawLibHatunov.cpp(279,23): warning C4305: аргумент: усечение из "double" в "GLfloat"
C:\Users\Win10Pro\Desktop\щя всё будет\OGL_\tut_Basic_Objects\drawLibHatunov.cpp(280,25): warning C4305: аргумент: усечение из "double" в "GLfloat"
C:\Users\Win10Pro\Desktop\щя всё будет\OGL_\tut_Basic_Objects\drawLibHatunov.cpp(281,24): warning C4305: аргумент: усечение из "double" в "GLfloat"
C:\Users\Win10Pro\Desktop\щя всё будет\OGL_\tut_Basic_Objects\drawLibHatunov.cpp(282,22): warning C4305: аргумент: усечение из "double" в "GLfloat"
C:\Users\Win10Pro\Desktop\щя всё будет\OGL_\tut_Basic_Objects\drawLibHatunov.cpp(284,30): warning C4305: аргумент: усечение из "double" в "GLfloat"
C:\Users\Win10Pro\Desktop\щя всё будет\OGL_\tut_Basic_Objects\drawLibHatunov.cpp(287,25): warning C4305: аргумент: усечение из "double" в "GLfloat"
C:\Users\Win10Pro\Desktop\щя всё будет\OGL_\tut_Basic_Objects\drawLibHatunov.cpp(288,25): warning C4305: аргумент: усечение из "double" в "GLfloat"
C:\Users\Win10Pro\Desktop\щя всё будет\OGL_\tut_Basic_Objects\drawLibHatunov.cpp(289,26): warning C4305: аргумент: усечение из "double" в "GLfloat"
C:\Users\Win10Pro\Desktop\щя всё будет\OGL_\tut_Basic_Objects\drawLibHatunov.cpp(290,24): warning C4305: аргумент: усечение из "double" в "GLfloat"
C:\Users\Win10Pro\Desktop\щя всё будет\OGL_\tut_Basic_Objects\drawLibHatunov.cpp(291,23): warning C4305: аргумент: усечение из "double" в "GLfloat"
C:\Users\Win10Pro\Desktop\щя всё будет\OGL_\tut_Basic_Objects\drawLibHatunov.cpp(293,25): warning C4305: аргумент: усечение из "double" в "GLfloat"
C:\Users\Win10Pro\Desktop\щя всё будет\OGL_\tut_Basic_Objects\drawLibHatunov.cpp(294,26): warning C4305: аргумент: усечение из "double" в "GLfloat"
C:\Users\Win10Pro\Desktop\щя всё будет\OGL_\tut_Basic_Objects\drawLibHatunov.cpp(295,24): warning C4305: аргумент: усечение из "double" в "GLfloat"
C:\Users\Win10Pro\Desktop\щя всё будет\OGL_\tut_Basic_Objects\drawLibHatunov.cpp(296,24): warning C4305: аргумент: усечение из "double" в "GLfloat"
C:\Users\Win10Pro\Desktop\щя всё будет\OGL_\tut_Basic_Objects\drawLibHatunov.cpp(297,26): warning C4305: аргумент: усечение из "double" в "GLfloat"
C:\Users\Win10Pro\Desktop\щя всё будет\OGL_\tut_Basic_Objects\drawLibHatunov.cpp(300,26): warning C4305: аргумент: усечение из "double" в "GLfloat"
C:\Users\Win10Pro\Desktop\щя всё будет\OGL_\tut_Basic_Objects\drawLibHatunov.cpp(301,25): warning C4305: аргумент: усечение из "double" в "GLfloat"
C:\Users\Win10Pro\Desktop\щя всё будет\OGL_\tut_Basic_Objects\drawLibHatunov.cpp(302,25): warning C4305: аргумент: усечение из "double" в "GLfloat"
C:\Users\Win10Pro\Desktop\щя всё будет\OGL_\tut_Basic_Objects\drawLibHatunov.cpp(303,26): warning C4305: аргумент: усечение из "double" в "GLfloat"
C:\Users\Win10Pro\Desktop\щя всё будет\OGL_\tut_Basic_Objects\drawLibHatunov.cpp(313,32): warning C4305: аргумент: усечение из "double" в "GLfloat"
C:\Users\Win10Pro\Desktop\щя всё будет\OGL_\tut_Basic_Objects\drawLibHatunov.cpp(318,25): warning C4305: аргумент: усечение из "double" в "GLfloat"
C:\Users\Win10Pro\Desktop\щя всё будет\OGL_\tut_Basic_Objects\drawLibHatunov.cpp(319,22): warning C4305: аргумент: усечение из "double" в "GLfloat"
C:\Users\Win10Pro\Desktop\щя всё будет\OGL_\tut_Basic_Objects\drawLibHatunov.cpp(320,23): warning C4305: аргумент: усечение из "double" в "GLfloat"
C:\Users\Win10Pro\Desktop\щя всё будет\OGL_\tut_Basic_Objects\drawLibHatunov.cpp(321,24): warning C4305: аргумент: усечение из "double" в "GLfloat"
C:\Users\Win10Pro\Desktop\щя всё будет\OGL_\tut_Basic_Objects\drawLibHatunov.cpp(322,24): warning C4305: аргумент: усечение из "double" в "GLfloat"
C:\Users\Win10Pro\Desktop\щя всё будет\OGL_\tut_Basic_Objects\drawLibHatunov.cpp(324,25): warning C4305: аргумент: усечение из "double" в "GLfloat"
C:\Users\Win10Pro\Desktop\щя всё будет\OGL_\tut_Basic_Objects\drawLibHatunov.cpp(325,24): warning C4305: аргумент: усечение из "double" в "GLfloat"
C:\Users\Win10Pro\Desktop\щя всё будет\OGL_\tut_Basic_Objects\drawLibHatunov.cpp(326,23): warning C4305: аргумент: усечение из "double" в "GLfloat"
C:\Users\Win10Pro\Desktop\щя всё будет\OGL_\tut_Basic_Objects\drawLibHatunov.cpp(327,23): warning C4305: аргумент: усечение из "double" в "GLfloat"
C:\Users\Win10Pro\Desktop\щя всё будет\OGL_\tut_Basic_Objects\drawLibHatunov.cpp(328,24): warning C4305: аргумент: усечение из "double" в "GLfloat"
C:\Users\Win10Pro\Desktop\щя всё будет\OGL_\tut_Basic_Objects\drawLibHatunov.cpp(333,24): warning C4305: аргумент: усечение из "double" в "GLfloat"
C:\Users\Win10Pro\Desktop\щя всё будет\OGL_\tut_Basic_Objects\drawLibHatunov.cpp(334,23): warning C4305: аргумент: усечение из "double" в "GLfloat"
C:\Users\Win10Pro\Desktop\щя всё будет\OGL_\tut_Basic_Objects\drawLibHatunov.cpp(335,24): warning C4305: аргумент: усечение из "double" в "GLfloat"
C:\Users\Win10Pro\Desktop\щя всё будет\OGL_\tut_Basic_Objects\drawLibHatunov.cpp(338,24): warning C4305: аргумент: усечение из "double" в "GLfloat"
C:\Users\Win10Pro\Desktop\щя всё будет\OGL_\tut_Basic_Objects\drawLibHatunov.cpp(339,23): warning C4305: аргумент: усечение из "double" в "GLfloat"
C:\Users\Win10Pro\Desktop\щя всё будет\OGL_\tut_Basic_Objects\drawLibHatunov.cpp(340,24): warning C4305: аргумент: усечение из "double" в "GLfloat"
C:\Users\Win10Pro\Desktop\щя всё будет\OGL_\tut_Basic_Objects\drawLibHatunov.cpp(350,31): warning C4305: аргумент: усечение из "double" в "GLfloat"
C:\Users\Win10Pro\Desktop\щя всё будет\OGL_\tut_Basic_Objects\drawLibHatunov.cpp(355,25): warning C4305: аргумент: усечение из "double" в "GLfloat"
C:\Users\Win10Pro\Desktop\щя всё будет\OGL_\tut_Basic_Objects\drawLibHatunov.cpp(356,23): warning C4305: аргумент: усечение из "double" в "GLfloat"
C:\Users\Win10Pro\Desktop\щя всё будет\OGL_\tut_Basic_Objects\drawLibHatunov.cpp(357,24): warning C4305: аргумент: усечение из "double" в "GLfloat"
C:\Users\Win10Pro\Desktop\щя всё будет\OGL_\tut_Basic_Objects\drawLibHatunov.cpp(358,24): warning C4305: аргумент: усечение из "double" в "GLfloat"
C:\Users\Win10Pro\Desktop\щя всё будет\OGL_\tut_Basic_Objects\drawLibHatunov.cpp(359,23): warning C4305: аргумент: усечение из "double" в "GLfloat"
C:\Users\Win10Pro\Desktop\щя всё будет\OGL_\tut_Basic_Objects\drawLibHatunov.cpp(366,22): warning C4305: аргумент: усечение из "double" в "GLfloat"
C:\Users\Win10Pro\Desktop\щя всё будет\OGL_\tut_Basic_Objects\drawLibHatunov.cpp(367,22): warning C4305: аргумент: усечение из "double" в "GLfloat"
C:\Users\Win10Pro\Desktop\щя всё будет\OGL_\tut_Basic_Objects\drawLibHatunov.cpp(368,22): warning C4305: аргумент: усечение из "double" в "GLfloat"
C:\Users\Win10Pro\Desktop\щя всё будет\OGL_\tut_Basic_Objects\drawLibHatunov.cpp(371,22): warning C4305: аргумент: усечение из "double" в "GLfloat"
C:\Users\Win10Pro\Desktop\щя всё будет\OGL_\tut_Basic_Objects\drawLibHatunov.cpp(372,22): warning C4305: аргумент: усечение из "double" в "GLfloat"
C:\Users\Win10Pro\Desktop\щя всё будет\OGL_\tut_Basic_Objects\drawLibHatunov.cpp(373,22): warning C4305: аргумент: усечение из "double" в "GLfloat"
C:\Users\Win10Pro\Desktop\щя всё будет\OGL_\tut_Basic_Objects\drawLibHatunov.cpp(376,22): warning C4305: аргумент: усечение из "double" в "GLfloat"
C:\Users\Win10Pro\Desktop\щя всё будет\OGL_\tut_Basic_Objects\drawLibHatunov.cpp(377,22): warning C4305: аргумент: усечение из "double" в "GLfloat"
C:\Users\Win10Pro\Desktop\щя всё будет\OGL_\tut_Basic_Objects\drawLibHatunov.cpp(378,23): warning C4305: аргумент: усечение из "double" в "GLfloat"
  tut_Basic_Objects.vcxproj -> C:\Users\Win10Pro\Desktop\щя всё будет\OGL_\Debug\tut_Basic_Objects.exe
